{"text": "2024-01-30 06:26:34 | INFO    | __main__:stash:131 | run - {'image': '20231121', 'version': '0.10.1.post2', 'role': 'EpicPlayer', 'headless': True}\n", "record": {"elapsed": {"repr": "0:00:01.366737", "seconds": 1.366737}, "exception": null, "extra": {"image": "20231121", "version": "0.10.1.post2", "role": "EpicPlayer", "headless": true}, "file": {"name": "claim.py", "path": "/home/runner/work/MyEpic/MyEpic/epic/src/claim.py"}, "function": "stash", "level": {"icon": "‚ÑπÔ∏è", "name": "INFO", "no": 20}, "line": 131, "message": "run", "module": "claim", "name": "__main__", "process": {"id": 3648, "name": "MainProcess"}, "thread": {"id": 140227817839488, "name": "MainThread"}, "time": {"repr": "2024-01-30 06:26:34.582126+08:00", "timestamp": 1706567194.582126}}}
{"text": "2024-01-30 06:26:42 | INFO    | __main__:claim_epic_games:97 | Try to flush cookie - {'task': 'claim_epic_games'}\n", "record": {"elapsed": {"repr": "0:00:09.744042", "seconds": 9.744042}, "exception": null, "extra": {"task": "claim_epic_games"}, "file": {"name": "claim.py", "path": "/home/runner/work/MyEpic/MyEpic/epic/src/claim.py"}, "function": "claim_epic_games", "level": {"icon": "‚ÑπÔ∏è", "name": "INFO", "no": 20}, "line": 97, "message": "Try to flush cookie", "module": "claim", "name": "__main__", "process": {"id": 3648, "name": "MainProcess"}, "thread": {"id": 140227817839488, "name": "MainThread"}, "time": {"repr": "2024-01-30 06:26:42.959431+08:00", "timestamp": 1706567202.959431}}}
{"text": "2024-01-30 06:26:45 | SUCCESS    | epic_games.agent:_login:253 | login - {'result': 'Successfully refreshed tokens'}\n", "record": {"elapsed": {"repr": "0:00:12.029137", "seconds": 12.029137}, "exception": null, "extra": {"result": "Successfully refreshed tokens"}, "file": {"name": "agent.py", "path": "/home/runner/work/MyEpic/MyEpic/epic/src/epic_games/agent.py"}, "function": "_login", "level": {"icon": "‚úÖ", "name": "SUCCESS", "no": 25}, "line": 253, "message": "login", "module": "agent", "name": "epic_games.agent", "process": {"id": 3648, "name": "MainProcess"}, "thread": {"id": 140227817839488, "name": "MainThread"}, "time": {"repr": "2024-01-30 06:26:45.244526+08:00", "timestamp": 1706567205.244526}}}
{"text": "2024-01-30 06:26:54 | SUCCESS    | epic_games.agent:flush_token:280 | flush_token - {'path': PosixPath('/home/runner/work/MyEpic/MyEpic/epic/user_data_dir/epic-games@574222018/ctx_cookie.json')}\n", "record": {"elapsed": {"repr": "0:00:21.612440", "seconds": 21.61244}, "exception": null, "extra": {"path": "/home/runner/work/MyEpic/MyEpic/epic/user_data_dir/epic-games@574222018/ctx_cookie.json"}, "file": {"name": "agent.py", "path": "/home/runner/work/MyEpic/MyEpic/epic/src/epic_games/agent.py"}, "function": "flush_token", "level": {"icon": "‚úÖ", "name": "SUCCESS", "no": 25}, "line": 280, "message": "flush_token", "module": "agent", "name": "epic_games.agent", "process": {"id": 3648, "name": "MainProcess"}, "thread": {"id": 140227817839488, "name": "MainThread"}, "time": {"repr": "2024-01-30 06:26:54.827829+08:00", "timestamp": 1706567214.827829}}}
{"text": "2024-01-30 06:26:54 | WARNING    | epic_games.agent:get_order_history:467 | Failed to get order history, cookie may have expired - {}\n", "record": {"elapsed": {"repr": "0:00:21.716714", "seconds": 21.716714}, "exception": null, "extra": {}, "file": {"name": "agent.py", "path": "/home/runner/work/MyEpic/MyEpic/epic/src/epic_games/agent.py"}, "function": "get_order_history", "level": {"icon": "‚ö†Ô∏è", "name": "WARNING", "no": 30}, "line": 467, "message": "Failed to get order history, cookie may have expired", "module": "agent", "name": "epic_games.agent", "process": {"id": 3648, "name": "MainProcess"}, "thread": {"id": 140227817839488, "name": "MainThread"}, "time": {"repr": "2024-01-30 06:26:54.932103+08:00", "timestamp": 1706567214.932103}}}
{"text": "2024-01-30 06:26:55 | DEBUG    | __main__:create_tasks:66 | Put task - {'title': 'Infinifactory', 'url': 'https://store.epicgames.com/en-US/p/infinifactory-ec9686'}\n", "record": {"elapsed": {"repr": "0:00:21.998660", "seconds": 21.99866}, "exception": null, "extra": {"title": "Infinifactory", "url": "https://store.epicgames.com/en-US/p/infinifactory-ec9686"}, "file": {"name": "claim.py", "path": "/home/runner/work/MyEpic/MyEpic/epic/src/claim.py"}, "function": "create_tasks", "level": {"icon": "üêû", "name": "DEBUG", "no": 10}, "line": 66, "message": "Put task", "module": "claim", "name": "__main__", "process": {"id": 3648, "name": "MainProcess"}, "thread": {"id": 140227817839488, "name": "MainThread"}, "time": {"repr": "2024-01-30 06:26:55.214049+08:00", "timestamp": 1706567215.214049}}}
{"text": "2024-01-30 06:26:55 | INFO    | epic_games.agent:claim_weekly_games:294 | claim_weekly_games - {'action': 'go to store', 'url': 'https://store.epicgames.com/en-US/p/infinifactory-ec9686'}\n", "record": {"elapsed": {"repr": "0:00:21.999124", "seconds": 21.999124}, "exception": null, "extra": {"action": "go to store", "url": "https://store.epicgames.com/en-US/p/infinifactory-ec9686"}, "file": {"name": "agent.py", "path": "/home/runner/work/MyEpic/MyEpic/epic/src/epic_games/agent.py"}, "function": "claim_weekly_games", "level": {"icon": "‚ÑπÔ∏è", "name": "INFO", "no": 20}, "line": 294, "message": "claim_weekly_games", "module": "agent", "name": "epic_games.agent", "process": {"id": 3648, "name": "MainProcess"}, "thread": {"id": 140227817839488, "name": "MainThread"}, "time": {"repr": "2024-01-30 06:26:55.214513+08:00", "timestamp": 1706567215.214513}}}
{"text": "2024-01-30 06:27:03 | INFO    | epic_games.agent:claim_weekly_games:326 | claim_weekly_games - {'action': 'move to webPurchaseContainer iframe'}\n", "record": {"elapsed": {"repr": "0:00:30.196076", "seconds": 30.196076}, "exception": null, "extra": {"action": "move to webPurchaseContainer iframe"}, "file": {"name": "agent.py", "path": "/home/runner/work/MyEpic/MyEpic/epic/src/epic_games/agent.py"}, "function": "claim_weekly_games", "level": {"icon": "‚ÑπÔ∏è", "name": "INFO", "no": 20}, "line": 326, "message": "claim_weekly_games", "module": "agent", "name": "epic_games.agent", "process": {"id": 3648, "name": "MainProcess"}, "thread": {"id": 140227817839488, "name": "MainThread"}, "time": {"repr": "2024-01-30 06:27:03.411465+08:00", "timestamp": 1706567223.411465}}}
{"text": "2024-01-30 06:27:05 | INFO    | epic_games.agent:claim_weekly_games:328 | claim_weekly_games - {'action': 'click payment button'}\n", "record": {"elapsed": {"repr": "0:00:32.569312", "seconds": 32.569312}, "exception": null, "extra": {"action": "click payment button"}, "file": {"name": "agent.py", "path": "/home/runner/work/MyEpic/MyEpic/epic/src/epic_games/agent.py"}, "function": "claim_weekly_games", "level": {"icon": "‚ÑπÔ∏è", "name": "INFO", "no": 20}, "line": 328, "message": "claim_weekly_games", "module": "agent", "name": "epic_games.agent", "process": {"id": 3648, "name": "MainProcess"}, "thread": {"id": 140227817839488, "name": "MainThread"}, "time": {"repr": "2024-01-30 06:27:05.784701+08:00", "timestamp": 1706567225.784701}}}
{"text": "2024-01-30 06:27:10 | DEBUG    | hcaptcha_challenger.agents.playwright.control:_parse_label:241 | get task - {'prompt': \"Please cli—Åk on the meerkat's “ªead\"}\n", "record": {"elapsed": {"repr": "0:00:37.572319", "seconds": 37.572319}, "exception": null, "extra": {"prompt": "Please cli—Åk on the meerkat's “ªead"}, "file": {"name": "control.py", "path": "/opt/hostedtoolcache/Python/3.10.13/x64/lib/python3.10/site-packages/hcaptcha_challenger/agents/playwright/control.py"}, "function": "_parse_label", "level": {"icon": "üêû", "name": "DEBUG", "no": 10}, "line": 241, "message": "get task", "module": "control", "name": "hcaptcha_challenger.agents.playwright.control", "process": {"id": 3648, "name": "MainProcess"}, "thread": {"id": 140227817839488, "name": "MainThread"}, "time": {"repr": "2024-01-30 06:27:10.787708+08:00", "timestamp": 1706567230.787708}}}
{"text": "2024-01-30 06:27:16 | DEBUG    | epic_games.agent:insert_challenge:106 | task done - {'sattus': 'success'}\n", "record": {"elapsed": {"repr": "0:00:43.421714", "seconds": 43.421714}, "exception": null, "extra": {"sattus": "success"}, "file": {"name": "agent.py", "path": "/home/runner/work/MyEpic/MyEpic/epic/src/epic_games/agent.py"}, "function": "insert_challenge", "level": {"icon": "üêû", "name": "DEBUG", "no": 10}, "line": 106, "message": "task done", "module": "agent", "name": "epic_games.agent", "process": {"id": 3648, "name": "MainProcess"}, "thread": {"id": 140227817839488, "name": "MainThread"}, "time": {"repr": "2024-01-30 06:27:16.637103+08:00", "timestamp": 1706567236.637103}}}
{"text": "2024-01-30 06:27:48 | INFO    | epic_games.agent:claim_weekly_games:294 | claim_weekly_games - {'action': 'go to store', 'url': 'https://store.epicgames.com/en-US/p/infinifactory-ec9686'}\n", "record": {"elapsed": {"repr": "0:01:15.567046", "seconds": 75.567046}, "exception": null, "extra": {"action": "go to store", "url": "https://store.epicgames.com/en-US/p/infinifactory-ec9686"}, "file": {"name": "agent.py", "path": "/home/runner/work/MyEpic/MyEpic/epic/src/epic_games/agent.py"}, "function": "claim_weekly_games", "level": {"icon": "‚ÑπÔ∏è", "name": "INFO", "no": 20}, "line": 294, "message": "claim_weekly_games", "module": "agent", "name": "epic_games.agent", "process": {"id": 3648, "name": "MainProcess"}, "thread": {"id": 140227817839488, "name": "MainThread"}, "time": {"repr": "2024-01-30 06:27:48.782435+08:00", "timestamp": 1706567268.782435}}}
{"text": "2024-01-30 06:27:56 | INFO    | epic_games.agent:claim_weekly_games:326 | claim_weekly_games - {'action': 'move to webPurchaseContainer iframe'}\n", "record": {"elapsed": {"repr": "0:01:23.664603", "seconds": 83.664603}, "exception": null, "extra": {"action": "move to webPurchaseContainer iframe"}, "file": {"name": "agent.py", "path": "/home/runner/work/MyEpic/MyEpic/epic/src/epic_games/agent.py"}, "function": "claim_weekly_games", "level": {"icon": "‚ÑπÔ∏è", "name": "INFO", "no": 20}, "line": 326, "message": "claim_weekly_games", "module": "agent", "name": "epic_games.agent", "process": {"id": 3648, "name": "MainProcess"}, "thread": {"id": 140227817839488, "name": "MainThread"}, "time": {"repr": "2024-01-30 06:27:56.879992+08:00", "timestamp": 1706567276.879992}}}
{"text": "2024-01-30 06:27:59 | INFO    | epic_games.agent:claim_weekly_games:328 | claim_weekly_games - {'action': 'click payment button'}\n", "record": {"elapsed": {"repr": "0:01:26.033566", "seconds": 86.033566}, "exception": null, "extra": {"action": "click payment button"}, "file": {"name": "agent.py", "path": "/home/runner/work/MyEpic/MyEpic/epic/src/epic_games/agent.py"}, "function": "claim_weekly_games", "level": {"icon": "‚ÑπÔ∏è", "name": "INFO", "no": 20}, "line": 328, "message": "claim_weekly_games", "module": "agent", "name": "epic_games.agent", "process": {"id": 3648, "name": "MainProcess"}, "thread": {"id": 140227817839488, "name": "MainThread"}, "time": {"repr": "2024-01-30 06:27:59.248955+08:00", "timestamp": 1706567279.248955}}}
{"text": "2024-01-30 06:28:04 | DEBUG    | hcaptcha_challenger.agents.playwright.control:_parse_label:241 | get task - {'prompt': 'Pl–µas–µ click in th–µ head of a microphone'}\n", "record": {"elapsed": {"repr": "0:01:31.035986", "seconds": 91.035986}, "exception": null, "extra": {"prompt": "Pl–µas–µ click in th–µ head of a microphone"}, "file": {"name": "control.py", "path": "/opt/hostedtoolcache/Python/3.10.13/x64/lib/python3.10/site-packages/hcaptcha_challenger/agents/playwright/control.py"}, "function": "_parse_label", "level": {"icon": "üêû", "name": "DEBUG", "no": 10}, "line": 241, "message": "get task", "module": "control", "name": "hcaptcha_challenger.agents.playwright.control", "process": {"id": 3648, "name": "MainProcess"}, "thread": {"id": 140227817839488, "name": "MainThread"}, "time": {"repr": "2024-01-30 06:28:04.251375+08:00", "timestamp": 1706567284.251375}}}
{"text": "2024-01-30 06:28:09 | DEBUG    | epic_games.agent:insert_challenge:106 | task done - {'sattus': 'success'}\n", "record": {"elapsed": {"repr": "0:01:36.222475", "seconds": 96.222475}, "exception": null, "extra": {"sattus": "success"}, "file": {"name": "agent.py", "path": "/home/runner/work/MyEpic/MyEpic/epic/src/epic_games/agent.py"}, "function": "insert_challenge", "level": {"icon": "üêû", "name": "DEBUG", "no": 10}, "line": 106, "message": "task done", "module": "agent", "name": "epic_games.agent", "process": {"id": 3648, "name": "MainProcess"}, "thread": {"id": 140227817839488, "name": "MainThread"}, "time": {"repr": "2024-01-30 06:28:09.437864+08:00", "timestamp": 1706567289.437864}}}
{"text": "2024-01-30 06:28:41 | INFO    | epic_games.agent:claim_weekly_games:294 | claim_weekly_games - {'action': 'go to store', 'url': 'https://store.epicgames.com/en-US/p/infinifactory-ec9686'}\n", "record": {"elapsed": {"repr": "0:02:08.363397", "seconds": 128.363397}, "exception": null, "extra": {"action": "go to store", "url": "https://store.epicgames.com/en-US/p/infinifactory-ec9686"}, "file": {"name": "agent.py", "path": "/home/runner/work/MyEpic/MyEpic/epic/src/epic_games/agent.py"}, "function": "claim_weekly_games", "level": {"icon": "‚ÑπÔ∏è", "name": "INFO", "no": 20}, "line": 294, "message": "claim_weekly_games", "module": "agent", "name": "epic_games.agent", "process": {"id": 3648, "name": "MainProcess"}, "thread": {"id": 140227817839488, "name": "MainThread"}, "time": {"repr": "2024-01-30 06:28:41.578786+08:00", "timestamp": 1706567321.578786}}}
{"text": "2024-01-30 06:28:49 | INFO    | epic_games.agent:claim_weekly_games:326 | claim_weekly_games - {'action': 'move to webPurchaseContainer iframe'}\n", "record": {"elapsed": {"repr": "0:02:16.532147", "seconds": 136.532147}, "exception": null, "extra": {"action": "move to webPurchaseContainer iframe"}, "file": {"name": "agent.py", "path": "/home/runner/work/MyEpic/MyEpic/epic/src/epic_games/agent.py"}, "function": "claim_weekly_games", "level": {"icon": "‚ÑπÔ∏è", "name": "INFO", "no": 20}, "line": 326, "message": "claim_weekly_games", "module": "agent", "name": "epic_games.agent", "process": {"id": 3648, "name": "MainProcess"}, "thread": {"id": 140227817839488, "name": "MainThread"}, "time": {"repr": "2024-01-30 06:28:49.747536+08:00", "timestamp": 1706567329.747536}}}
{"text": "2024-01-30 06:28:52 | INFO    | epic_games.agent:claim_weekly_games:328 | claim_weekly_games - {'action': 'click payment button'}\n", "record": {"elapsed": {"repr": "0:02:18.916279", "seconds": 138.916279}, "exception": null, "extra": {"action": "click payment button"}, "file": {"name": "agent.py", "path": "/home/runner/work/MyEpic/MyEpic/epic/src/epic_games/agent.py"}, "function": "claim_weekly_games", "level": {"icon": "‚ÑπÔ∏è", "name": "INFO", "no": 20}, "line": 328, "message": "claim_weekly_games", "module": "agent", "name": "epic_games.agent", "process": {"id": 3648, "name": "MainProcess"}, "thread": {"id": 140227817839488, "name": "MainThread"}, "time": {"repr": "2024-01-30 06:28:52.131668+08:00", "timestamp": 1706567332.131668}}}
{"text": "2024-01-30 06:28:57 | DEBUG    | hcaptcha_challenger.agents.playwright.control:_parse_label:241 | get task - {'prompt': \"Œ°lease cl—ñck on the meerkat's head\"}\n", "record": {"elapsed": {"repr": "0:02:23.917748", "seconds": 143.917748}, "exception": null, "extra": {"prompt": "Œ°lease cl—ñck on the meerkat's head"}, "file": {"name": "control.py", "path": "/opt/hostedtoolcache/Python/3.10.13/x64/lib/python3.10/site-packages/hcaptcha_challenger/agents/playwright/control.py"}, "function": "_parse_label", "level": {"icon": "üêû", "name": "DEBUG", "no": 10}, "line": 241, "message": "get task", "module": "control", "name": "hcaptcha_challenger.agents.playwright.control", "process": {"id": 3648, "name": "MainProcess"}, "thread": {"id": 140227817839488, "name": "MainThread"}, "time": {"repr": "2024-01-30 06:28:57.133137+08:00", "timestamp": 1706567337.133137}}}
{"text": "2024-01-30 06:29:02 | DEBUG    | epic_games.agent:insert_challenge:106 | task done - {'sattus': 'success'}\n", "record": {"elapsed": {"repr": "0:02:28.955537", "seconds": 148.955537}, "exception": null, "extra": {"sattus": "success"}, "file": {"name": "agent.py", "path": "/home/runner/work/MyEpic/MyEpic/epic/src/epic_games/agent.py"}, "function": "insert_challenge", "level": {"icon": "üêû", "name": "DEBUG", "no": 10}, "line": 106, "message": "task done", "module": "agent", "name": "epic_games.agent", "process": {"id": 3648, "name": "MainProcess"}, "thread": {"id": 140227817839488, "name": "MainThread"}, "time": {"repr": "2024-01-30 06:29:02.170926+08:00", "timestamp": 1706567342.170926}}}
{"text": "2024-01-30 06:29:34 | ERROR    | __main__:run:158 | An error has been caught in function 'run', process 'MainProcess' (3648), thread 'MainThread' (140227817839488): - {}\nTraceback (most recent call last):\n  File \"/home/runner/work/MyEpic/MyEpic/epic/src/claim.py\", line 151, in stash\n    await self.claim_epic_games(context)\n  File \"/home/runner/work/MyEpic/MyEpic/epic/src/claim.py\", line 122, in claim_epic_games\n    await epic.claim_weekly_games(page, single_promotions)\n  File \"/opt/hostedtoolcache/Python/3.10.13/x64/lib/python3.10/site-packages/tenacity/_asyncio.py\", line 88, in async_wrapped\n    return await fn(*args, **kwargs)\n  File \"/opt/hostedtoolcache/Python/3.10.13/x64/lib/python3.10/site-packages/tenacity/_asyncio.py\", line 47, in __call__\n    do = self.iter(retry_state=retry_state)\n  File \"/opt/hostedtoolcache/Python/3.10.13/x64/lib/python3.10/site-packages/tenacity/__init__.py\", line 325, in iter\n    raise retry_exc.reraise()\n  File \"/opt/hostedtoolcache/Python/3.10.13/x64/lib/python3.10/site-packages/tenacity/__init__.py\", line 158, in reraise\n    raise self.last_attempt.result()\n  File \"/opt/hostedtoolcache/Python/3.10.13/x64/lib/python3.10/concurrent/futures/_base.py\", line 451, in result\n    return self.__get_result()\n  File \"/opt/hostedtoolcache/Python/3.10.13/x64/lib/python3.10/concurrent/futures/_base.py\", line 403, in __get_result\n    raise self._exception\n  File \"/opt/hostedtoolcache/Python/3.10.13/x64/lib/python3.10/site-packages/tenacity/_asyncio.py\", line 50, in __call__\n    result = await fn(*args, **kwargs)\n  File \"/home/runner/work/MyEpic/MyEpic/epic/src/epic_games/agent.py\", line 338, in claim_weekly_games\n    await page.wait_for_url(recur_url)\n  File \"/opt/hostedtoolcache/Python/3.10.13/x64/lib/python3.10/site-packages/playwright/async_api/_generated.py\", line 9432, in wait_for_url\n    await self._impl_obj.wait_for_url(\n  File \"/opt/hostedtoolcache/Python/3.10.13/x64/lib/python3.10/site-packages/playwright/_impl/_page.py\", line 508, in wait_for_url\n    return await self._main_frame.wait_for_url(**locals_to_params(locals()))\n  File \"/opt/hostedtoolcache/Python/3.10.13/x64/lib/python3.10/site-packages/playwright/_impl/_frame.py\", line 237, in wait_for_url\n    async with self.expect_navigation(\n  File \"/opt/hostedtoolcache/Python/3.10.13/x64/lib/python3.10/site-packages/playwright/_impl/_event_context_manager.py\", line 33, in __aexit__\n    await self._future\n  File \"/opt/hostedtoolcache/Python/3.10.13/x64/lib/python3.10/site-packages/playwright/_impl/_frame.py\", line 212, in continuation\n    event = await waiter.result()\nplaywright._impl._errors.TimeoutError: Timeout 30000ms exceeded.\n=========================== logs ===========================\nwaiting for navigation to \"https://store.epicgames.com/en-US/cart/success\" until 'load'\n============================================================\n\nDuring handling of the above exception, another exception occurred:\n\nTraceback (most recent call last):\n  File \"/home/runner/work/MyEpic/MyEpic/epic/src/claim.py\", line 162, in <module>\n    asyncio.run(run())\n  File \"/opt/hostedtoolcache/Python/3.10.13/x64/lib/python3.10/asyncio/runners.py\", line 44, in run\n    return loop.run_until_complete(main)\n  File \"/opt/hostedtoolcache/Python/3.10.13/x64/lib/python3.10/asyncio/base_events.py\", line 636, in run_until_complete\n    self.run_forever()\n  File \"/opt/hostedtoolcache/Python/3.10.13/x64/lib/python3.10/asyncio/base_events.py\", line 603, in run_forever\n    self._run_once()\n  File \"/opt/hostedtoolcache/Python/3.10.13/x64/lib/python3.10/asyncio/base_events.py\", line 1909, in _run_once\n    handle._run()\n  File \"/opt/hostedtoolcache/Python/3.10.13/x64/lib/python3.10/asyncio/events.py\", line 80, in _run\n    self._context.run(self._callback, *self._args)\n> File \"/home/runner/work/MyEpic/MyEpic/epic/src/claim.py\", line 158, in run\n    await agent.stash()\n  File \"/home/runner/work/MyEpic/MyEpic/epic/src/claim.py\", line 139, in stash\n    async with async_playwright() as p:\n  File \"/opt/hostedtoolcache/Python/3.10.13/x64/lib/python3.10/site-packages/playwright/async_api/_context_manager.py\", line 58, in __aexit__\n    await self._connection.stop_async()\n  File \"/opt/hostedtoolcache/Python/3.10.13/x64/lib/python3.10/site-packages/playwright/_impl/_connection.py\", line 289, in stop_async\n    self.cleanup()\n  File \"/opt/hostedtoolcache/Python/3.10.13/x64/lib/python3.10/site-packages/playwright/_impl/_connection.py\", line 300, in cleanup\n    callback.future.set_exception(self._closed_error)\nasyncio.exceptions.InvalidStateError: invalid state\n", "record": {"elapsed": {"repr": "0:03:00.812786", "seconds": 180.812786}, "exception": {"type": "InvalidStateError", "value": "invalid state", "traceback": true}, "extra": {}, "file": {"name": "claim.py", "path": "/home/runner/work/MyEpic/MyEpic/epic/src/claim.py"}, "function": "run", "level": {"icon": "‚ùå", "name": "ERROR", "no": 40}, "line": 158, "message": "An error has been caught in function 'run', process 'MainProcess' (3648), thread 'MainThread' (140227817839488):", "module": "claim", "name": "__main__", "process": {"id": 3648, "name": "MainProcess"}, "thread": {"id": 140227817839488, "name": "MainThread"}, "time": {"repr": "2024-01-30 06:29:34.028175+08:00", "timestamp": 1706567374.028175}}}
