{"text": "2024-01-13 06:25:46 | INFO    | __main__:stash:131 | run - {'image': '20231121', 'version': '0.10.1.post2', 'role': 'EpicPlayer', 'headless': True}\n", "record": {"elapsed": {"repr": "0:00:01.368397", "seconds": 1.368397}, "exception": null, "extra": {"image": "20231121", "version": "0.10.1.post2", "role": "EpicPlayer", "headless": true}, "file": {"name": "claim.py", "path": "/home/runner/work/MyEpic/MyEpic/epic/src/claim.py"}, "function": "stash", "level": {"icon": "‚ÑπÔ∏è", "name": "INFO", "no": 20}, "line": 131, "message": "run", "module": "claim", "name": "__main__", "process": {"id": 3557, "name": "MainProcess"}, "thread": {"id": 140115150035840, "name": "MainThread"}, "time": {"repr": "2024-01-13 06:25:46.901705+08:00", "timestamp": 1705098346.901705}}}
{"text": "2024-01-13 06:25:55 | INFO    | __main__:claim_epic_games:97 | Try to flush cookie - {'task': 'claim_epic_games'}\n", "record": {"elapsed": {"repr": "0:00:10.311677", "seconds": 10.311677}, "exception": null, "extra": {"task": "claim_epic_games"}, "file": {"name": "claim.py", "path": "/home/runner/work/MyEpic/MyEpic/epic/src/claim.py"}, "function": "claim_epic_games", "level": {"icon": "‚ÑπÔ∏è", "name": "INFO", "no": 20}, "line": 97, "message": "Try to flush cookie", "module": "claim", "name": "__main__", "process": {"id": 3557, "name": "MainProcess"}, "thread": {"id": 140115150035840, "name": "MainThread"}, "time": {"repr": "2024-01-13 06:25:55.844985+08:00", "timestamp": 1705098355.844985}}}
{"text": "2024-01-13 06:25:58 | SUCCESS    | epic_games.agent:_login:253 | login - {'result': 'Successfully refreshed tokens'}\n", "record": {"elapsed": {"repr": "0:00:13.396985", "seconds": 13.396985}, "exception": null, "extra": {"result": "Successfully refreshed tokens"}, "file": {"name": "agent.py", "path": "/home/runner/work/MyEpic/MyEpic/epic/src/epic_games/agent.py"}, "function": "_login", "level": {"icon": "‚úÖ", "name": "SUCCESS", "no": 25}, "line": 253, "message": "login", "module": "agent", "name": "epic_games.agent", "process": {"id": 3557, "name": "MainProcess"}, "thread": {"id": 140115150035840, "name": "MainThread"}, "time": {"repr": "2024-01-13 06:25:58.930293+08:00", "timestamp": 1705098358.930293}}}
{"text": "2024-01-13 06:26:09 | SUCCESS    | epic_games.agent:flush_token:280 | flush_token - {'path': PosixPath('/home/runner/work/MyEpic/MyEpic/epic/user_data_dir/epic-games@574222018/ctx_cookie.json')}\n", "record": {"elapsed": {"repr": "0:00:24.323821", "seconds": 24.323821}, "exception": null, "extra": {"path": "/home/runner/work/MyEpic/MyEpic/epic/user_data_dir/epic-games@574222018/ctx_cookie.json"}, "file": {"name": "agent.py", "path": "/home/runner/work/MyEpic/MyEpic/epic/src/epic_games/agent.py"}, "function": "flush_token", "level": {"icon": "‚úÖ", "name": "SUCCESS", "no": 25}, "line": 280, "message": "flush_token", "module": "agent", "name": "epic_games.agent", "process": {"id": 3557, "name": "MainProcess"}, "thread": {"id": 140115150035840, "name": "MainThread"}, "time": {"repr": "2024-01-13 06:26:09.857129+08:00", "timestamp": 1705098369.857129}}}
{"text": "2024-01-13 06:26:09 | WARNING    | epic_games.agent:get_order_history:467 | Failed to get order history, cookie may have expired - {}\n", "record": {"elapsed": {"repr": "0:00:24.438676", "seconds": 24.438676}, "exception": null, "extra": {}, "file": {"name": "agent.py", "path": "/home/runner/work/MyEpic/MyEpic/epic/src/epic_games/agent.py"}, "function": "get_order_history", "level": {"icon": "‚ö†Ô∏è", "name": "WARNING", "no": 30}, "line": 467, "message": "Failed to get order history, cookie may have expired", "module": "agent", "name": "epic_games.agent", "process": {"id": 3557, "name": "MainProcess"}, "thread": {"id": 140115150035840, "name": "MainThread"}, "time": {"repr": "2024-01-13 06:26:09.971984+08:00", "timestamp": 1705098369.971984}}}
{"text": "2024-01-13 06:26:10 | DEBUG    | __main__:create_tasks:66 | Put task - {'title': 'Sail Forth', 'url': 'https://store.epicgames.com/en-US/p/sail-forth-51847e'}\n", "record": {"elapsed": {"repr": "0:00:24.787178", "seconds": 24.787178}, "exception": null, "extra": {"title": "Sail Forth", "url": "https://store.epicgames.com/en-US/p/sail-forth-51847e"}, "file": {"name": "claim.py", "path": "/home/runner/work/MyEpic/MyEpic/epic/src/claim.py"}, "function": "create_tasks", "level": {"icon": "üêû", "name": "DEBUG", "no": 10}, "line": 66, "message": "Put task", "module": "claim", "name": "__main__", "process": {"id": 3557, "name": "MainProcess"}, "thread": {"id": 140115150035840, "name": "MainThread"}, "time": {"repr": "2024-01-13 06:26:10.320486+08:00", "timestamp": 1705098370.320486}}}
{"text": "2024-01-13 06:26:10 | INFO    | epic_games.agent:claim_weekly_games:294 | claim_weekly_games - {'action': 'go to store', 'url': 'https://store.epicgames.com/en-US/p/sail-forth-51847e'}\n", "record": {"elapsed": {"repr": "0:00:24.787693", "seconds": 24.787693}, "exception": null, "extra": {"action": "go to store", "url": "https://store.epicgames.com/en-US/p/sail-forth-51847e"}, "file": {"name": "agent.py", "path": "/home/runner/work/MyEpic/MyEpic/epic/src/epic_games/agent.py"}, "function": "claim_weekly_games", "level": {"icon": "‚ÑπÔ∏è", "name": "INFO", "no": 20}, "line": 294, "message": "claim_weekly_games", "module": "agent", "name": "epic_games.agent", "process": {"id": 3557, "name": "MainProcess"}, "thread": {"id": 140115150035840, "name": "MainThread"}, "time": {"repr": "2024-01-13 06:26:10.321001+08:00", "timestamp": 1705098370.321001}}}
{"text": "2024-01-13 06:26:19 | INFO    | epic_games.agent:claim_weekly_games:326 | claim_weekly_games - {'action': 'move to webPurchaseContainer iframe'}\n", "record": {"elapsed": {"repr": "0:00:33.885351", "seconds": 33.885351}, "exception": null, "extra": {"action": "move to webPurchaseContainer iframe"}, "file": {"name": "agent.py", "path": "/home/runner/work/MyEpic/MyEpic/epic/src/epic_games/agent.py"}, "function": "claim_weekly_games", "level": {"icon": "‚ÑπÔ∏è", "name": "INFO", "no": 20}, "line": 326, "message": "claim_weekly_games", "module": "agent", "name": "epic_games.agent", "process": {"id": 3557, "name": "MainProcess"}, "thread": {"id": 140115150035840, "name": "MainThread"}, "time": {"repr": "2024-01-13 06:26:19.418659+08:00", "timestamp": 1705098379.418659}}}
{"text": "2024-01-13 06:26:21 | INFO    | epic_games.agent:claim_weekly_games:328 | claim_weekly_games - {'action': 'click payment button'}\n", "record": {"elapsed": {"repr": "0:00:36.405338", "seconds": 36.405338}, "exception": null, "extra": {"action": "click payment button"}, "file": {"name": "agent.py", "path": "/home/runner/work/MyEpic/MyEpic/epic/src/epic_games/agent.py"}, "function": "claim_weekly_games", "level": {"icon": "‚ÑπÔ∏è", "name": "INFO", "no": 20}, "line": 328, "message": "claim_weekly_games", "module": "agent", "name": "epic_games.agent", "process": {"id": 3557, "name": "MainProcess"}, "thread": {"id": 140115150035840, "name": "MainThread"}, "time": {"repr": "2024-01-13 06:26:21.938646+08:00", "timestamp": 1705098381.938646}}}
{"text": "2024-01-13 06:26:26 | DEBUG    | hcaptcha_challenger.agents.playwright.control:_parse_label:241 | get task - {'prompt': 'Please click on –∞ll images of the heaviest –∞nimal species'}\n", "record": {"elapsed": {"repr": "0:00:41.407698", "seconds": 41.407698}, "exception": null, "extra": {"prompt": "Please click on –∞ll images of the heaviest –∞nimal species"}, "file": {"name": "control.py", "path": "/opt/hostedtoolcache/Python/3.10.13/x64/lib/python3.10/site-packages/hcaptcha_challenger/agents/playwright/control.py"}, "function": "_parse_label", "level": {"icon": "üêû", "name": "DEBUG", "no": 10}, "line": 241, "message": "get task", "module": "control", "name": "hcaptcha_challenger.agents.playwright.control", "process": {"id": 3557, "name": "MainProcess"}, "thread": {"id": 140115150035840, "name": "MainThread"}, "time": {"repr": "2024-01-13 06:26:26.941006+08:00", "timestamp": 1705098386.941006}}}
{"text": "2024-01-13 06:26:28 | DEBUG    | hcaptcha_challenger.agents.playwright.control:_catch_all_binary_challenge:474 | handle task - {'unsupervised': 'binary', 'candidate_labels': ['This is a picture that looks like please click on all images of the heaviest animal species.', \"This is a picture that don't look like please click on all images of the heaviest animal species.\"], 'prompt': 'Please click on –∞ll images of the heaviest –∞nimal species', 'timit': '1.021s'}\n", "record": {"elapsed": {"repr": "0:00:42.579240", "seconds": 42.57924}, "exception": null, "extra": {"unsupervised": "binary", "candidate_labels": ["This is a picture that looks like please click on all images of the heaviest animal species.", "This is a picture that don't look like please click on all images of the heaviest animal species."], "prompt": "Please click on –∞ll images of the heaviest –∞nimal species", "timit": "1.021s"}, "file": {"name": "control.py", "path": "/opt/hostedtoolcache/Python/3.10.13/x64/lib/python3.10/site-packages/hcaptcha_challenger/agents/playwright/control.py"}, "function": "_catch_all_binary_challenge", "level": {"icon": "üêû", "name": "DEBUG", "no": 10}, "line": 474, "message": "handle task", "module": "control", "name": "hcaptcha_challenger.agents.playwright.control", "process": {"id": 3557, "name": "MainProcess"}, "thread": {"id": 140115150035840, "name": "MainThread"}, "time": {"repr": "2024-01-13 06:26:28.112548+08:00", "timestamp": 1705098388.112548}}}
{"text": "2024-01-13 06:26:39 | DEBUG    | epic_games.agent:insert_challenge:106 | task done - {'sattus': 'success'}\n", "record": {"elapsed": {"repr": "0:00:54.414880", "seconds": 54.41488}, "exception": null, "extra": {"sattus": "success"}, "file": {"name": "agent.py", "path": "/home/runner/work/MyEpic/MyEpic/epic/src/epic_games/agent.py"}, "function": "insert_challenge", "level": {"icon": "üêû", "name": "DEBUG", "no": 10}, "line": 106, "message": "task done", "module": "agent", "name": "epic_games.agent", "process": {"id": 3557, "name": "MainProcess"}, "thread": {"id": 140115150035840, "name": "MainThread"}, "time": {"repr": "2024-01-13 06:26:39.948188+08:00", "timestamp": 1705098399.948188}}}
{"text": "2024-01-13 06:27:12 | INFO    | epic_games.agent:claim_weekly_games:294 | claim_weekly_games - {'action': 'go to store', 'url': 'https://store.epicgames.com/en-US/p/sail-forth-51847e'}\n", "record": {"elapsed": {"repr": "0:01:26.603409", "seconds": 86.603409}, "exception": null, "extra": {"action": "go to store", "url": "https://store.epicgames.com/en-US/p/sail-forth-51847e"}, "file": {"name": "agent.py", "path": "/home/runner/work/MyEpic/MyEpic/epic/src/epic_games/agent.py"}, "function": "claim_weekly_games", "level": {"icon": "‚ÑπÔ∏è", "name": "INFO", "no": 20}, "line": 294, "message": "claim_weekly_games", "module": "agent", "name": "epic_games.agent", "process": {"id": 3557, "name": "MainProcess"}, "thread": {"id": 140115150035840, "name": "MainThread"}, "time": {"repr": "2024-01-13 06:27:12.136717+08:00", "timestamp": 1705098432.136717}}}
{"text": "2024-01-13 06:27:21 | INFO    | epic_games.agent:claim_weekly_games:326 | claim_weekly_games - {'action': 'move to webPurchaseContainer iframe'}\n", "record": {"elapsed": {"repr": "0:01:36.004065", "seconds": 96.004065}, "exception": null, "extra": {"action": "move to webPurchaseContainer iframe"}, "file": {"name": "agent.py", "path": "/home/runner/work/MyEpic/MyEpic/epic/src/epic_games/agent.py"}, "function": "claim_weekly_games", "level": {"icon": "‚ÑπÔ∏è", "name": "INFO", "no": 20}, "line": 326, "message": "claim_weekly_games", "module": "agent", "name": "epic_games.agent", "process": {"id": 3557, "name": "MainProcess"}, "thread": {"id": 140115150035840, "name": "MainThread"}, "time": {"repr": "2024-01-13 06:27:21.537373+08:00", "timestamp": 1705098441.537373}}}
{"text": "2024-01-13 06:27:23 | INFO    | epic_games.agent:claim_weekly_games:328 | claim_weekly_games - {'action': 'click payment button'}\n", "record": {"elapsed": {"repr": "0:01:38.416993", "seconds": 98.416993}, "exception": null, "extra": {"action": "click payment button"}, "file": {"name": "agent.py", "path": "/home/runner/work/MyEpic/MyEpic/epic/src/epic_games/agent.py"}, "function": "claim_weekly_games", "level": {"icon": "‚ÑπÔ∏è", "name": "INFO", "no": 20}, "line": 328, "message": "claim_weekly_games", "module": "agent", "name": "epic_games.agent", "process": {"id": 3557, "name": "MainProcess"}, "thread": {"id": 140115150035840, "name": "MainThread"}, "time": {"repr": "2024-01-13 06:27:23.950301+08:00", "timestamp": 1705098443.950301}}}
{"text": "2024-01-13 06:27:28 | DEBUG    | hcaptcha_challenger.agents.playwright.control:_parse_label:241 | get task - {'prompt': 'Please click on all image—ï of the heaviest an—ñmal s—Äecies'}\n", "record": {"elapsed": {"repr": "0:01:43.419360", "seconds": 103.41936}, "exception": null, "extra": {"prompt": "Please click on all image—ï of the heaviest an—ñmal s—Äecies"}, "file": {"name": "control.py", "path": "/opt/hostedtoolcache/Python/3.10.13/x64/lib/python3.10/site-packages/hcaptcha_challenger/agents/playwright/control.py"}, "function": "_parse_label", "level": {"icon": "üêû", "name": "DEBUG", "no": 10}, "line": 241, "message": "get task", "module": "control", "name": "hcaptcha_challenger.agents.playwright.control", "process": {"id": 3557, "name": "MainProcess"}, "thread": {"id": 140115150035840, "name": "MainThread"}, "time": {"repr": "2024-01-13 06:27:28.952668+08:00", "timestamp": 1705098448.952668}}}
{"text": "2024-01-13 06:27:29 | DEBUG    | hcaptcha_challenger.agents.playwright.control:_catch_all_binary_challenge:474 | handle task - {'unsupervised': 'binary', 'candidate_labels': ['This is a picture that looks like please click on all images of the heaviest animal species.', \"This is a picture that don't look like please click on all images of the heaviest animal species.\"], 'prompt': 'Please click on all image—ï of the heaviest an—ñmal s—Äecies', 'timit': '0.694s'}\n", "record": {"elapsed": {"repr": "0:01:44.268145", "seconds": 104.268145}, "exception": null, "extra": {"unsupervised": "binary", "candidate_labels": ["This is a picture that looks like please click on all images of the heaviest animal species.", "This is a picture that don't look like please click on all images of the heaviest animal species."], "prompt": "Please click on all image—ï of the heaviest an—ñmal s—Äecies", "timit": "0.694s"}, "file": {"name": "control.py", "path": "/opt/hostedtoolcache/Python/3.10.13/x64/lib/python3.10/site-packages/hcaptcha_challenger/agents/playwright/control.py"}, "function": "_catch_all_binary_challenge", "level": {"icon": "üêû", "name": "DEBUG", "no": 10}, "line": 474, "message": "handle task", "module": "control", "name": "hcaptcha_challenger.agents.playwright.control", "process": {"id": 3557, "name": "MainProcess"}, "thread": {"id": 140115150035840, "name": "MainThread"}, "time": {"repr": "2024-01-13 06:27:29.801453+08:00", "timestamp": 1705098449.801453}}}
{"text": "2024-01-13 06:27:39 | DEBUG    | epic_games.agent:insert_challenge:106 | task done - {'sattus': 'success'}\n", "record": {"elapsed": {"repr": "0:01:53.720296", "seconds": 113.720296}, "exception": null, "extra": {"sattus": "success"}, "file": {"name": "agent.py", "path": "/home/runner/work/MyEpic/MyEpic/epic/src/epic_games/agent.py"}, "function": "insert_challenge", "level": {"icon": "üêû", "name": "DEBUG", "no": 10}, "line": 106, "message": "task done", "module": "agent", "name": "epic_games.agent", "process": {"id": 3557, "name": "MainProcess"}, "thread": {"id": 140115150035840, "name": "MainThread"}, "time": {"repr": "2024-01-13 06:27:39.253604+08:00", "timestamp": 1705098459.253604}}}
{"text": "2024-01-13 06:28:11 | INFO    | epic_games.agent:claim_weekly_games:294 | claim_weekly_games - {'action': 'go to store', 'url': 'https://store.epicgames.com/en-US/p/sail-forth-51847e'}\n", "record": {"elapsed": {"repr": "0:02:25.935284", "seconds": 145.935284}, "exception": null, "extra": {"action": "go to store", "url": "https://store.epicgames.com/en-US/p/sail-forth-51847e"}, "file": {"name": "agent.py", "path": "/home/runner/work/MyEpic/MyEpic/epic/src/epic_games/agent.py"}, "function": "claim_weekly_games", "level": {"icon": "‚ÑπÔ∏è", "name": "INFO", "no": 20}, "line": 294, "message": "claim_weekly_games", "module": "agent", "name": "epic_games.agent", "process": {"id": 3557, "name": "MainProcess"}, "thread": {"id": 140115150035840, "name": "MainThread"}, "time": {"repr": "2024-01-13 06:28:11.468592+08:00", "timestamp": 1705098491.468592}}}
{"text": "2024-01-13 06:28:20 | INFO    | epic_games.agent:claim_weekly_games:326 | claim_weekly_games - {'action': 'move to webPurchaseContainer iframe'}\n", "record": {"elapsed": {"repr": "0:02:34.724311", "seconds": 154.724311}, "exception": null, "extra": {"action": "move to webPurchaseContainer iframe"}, "file": {"name": "agent.py", "path": "/home/runner/work/MyEpic/MyEpic/epic/src/epic_games/agent.py"}, "function": "claim_weekly_games", "level": {"icon": "‚ÑπÔ∏è", "name": "INFO", "no": 20}, "line": 326, "message": "claim_weekly_games", "module": "agent", "name": "epic_games.agent", "process": {"id": 3557, "name": "MainProcess"}, "thread": {"id": 140115150035840, "name": "MainThread"}, "time": {"repr": "2024-01-13 06:28:20.257619+08:00", "timestamp": 1705098500.257619}}}
{"text": "2024-01-13 06:28:22 | INFO    | epic_games.agent:claim_weekly_games:328 | claim_weekly_games - {'action': 'click payment button'}\n", "record": {"elapsed": {"repr": "0:02:37.153102", "seconds": 157.153102}, "exception": null, "extra": {"action": "click payment button"}, "file": {"name": "agent.py", "path": "/home/runner/work/MyEpic/MyEpic/epic/src/epic_games/agent.py"}, "function": "claim_weekly_games", "level": {"icon": "‚ÑπÔ∏è", "name": "INFO", "no": 20}, "line": 328, "message": "claim_weekly_games", "module": "agent", "name": "epic_games.agent", "process": {"id": 3557, "name": "MainProcess"}, "thread": {"id": 140115150035840, "name": "MainThread"}, "time": {"repr": "2024-01-13 06:28:22.686410+08:00", "timestamp": 1705098502.68641}}}
{"text": "2024-01-13 06:28:27 | DEBUG    | hcaptcha_challenger.agents.playwright.control:_parse_label:241 | get task - {'prompt': 'Œ°lease click on all images of the heaviest animal species'}\n", "record": {"elapsed": {"repr": "0:02:42.156075", "seconds": 162.156075}, "exception": null, "extra": {"prompt": "Œ°lease click on all images of the heaviest animal species"}, "file": {"name": "control.py", "path": "/opt/hostedtoolcache/Python/3.10.13/x64/lib/python3.10/site-packages/hcaptcha_challenger/agents/playwright/control.py"}, "function": "_parse_label", "level": {"icon": "üêû", "name": "DEBUG", "no": 10}, "line": 241, "message": "get task", "module": "control", "name": "hcaptcha_challenger.agents.playwright.control", "process": {"id": 3557, "name": "MainProcess"}, "thread": {"id": 140115150035840, "name": "MainThread"}, "time": {"repr": "2024-01-13 06:28:27.689383+08:00", "timestamp": 1705098507.689383}}}
{"text": "2024-01-13 06:28:28 | DEBUG    | hcaptcha_challenger.agents.playwright.control:_catch_all_binary_challenge:474 | handle task - {'unsupervised': 'binary', 'candidate_labels': ['This is a picture that looks like œÅlease click on all images of the heaviest animal species.', \"This is a picture that don't look like œÅlease click on all images of the heaviest animal species.\"], 'prompt': 'Œ°lease click on all images of the heaviest animal species', 'timit': '0.739s'}\n", "record": {"elapsed": {"repr": "0:02:43.073777", "seconds": 163.073777}, "exception": null, "extra": {"unsupervised": "binary", "candidate_labels": ["This is a picture that looks like œÅlease click on all images of the heaviest animal species.", "This is a picture that don't look like œÅlease click on all images of the heaviest animal species."], "prompt": "Œ°lease click on all images of the heaviest animal species", "timit": "0.739s"}, "file": {"name": "control.py", "path": "/opt/hostedtoolcache/Python/3.10.13/x64/lib/python3.10/site-packages/hcaptcha_challenger/agents/playwright/control.py"}, "function": "_catch_all_binary_challenge", "level": {"icon": "üêû", "name": "DEBUG", "no": 10}, "line": 474, "message": "handle task", "module": "control", "name": "hcaptcha_challenger.agents.playwright.control", "process": {"id": 3557, "name": "MainProcess"}, "thread": {"id": 140115150035840, "name": "MainThread"}, "time": {"repr": "2024-01-13 06:28:28.607085+08:00", "timestamp": 1705098508.607085}}}
{"text": "2024-01-13 06:28:39 | DEBUG    | epic_games.agent:insert_challenge:106 | task done - {'sattus': 'success'}\n", "record": {"elapsed": {"repr": "0:02:53.761456", "seconds": 173.761456}, "exception": null, "extra": {"sattus": "success"}, "file": {"name": "agent.py", "path": "/home/runner/work/MyEpic/MyEpic/epic/src/epic_games/agent.py"}, "function": "insert_challenge", "level": {"icon": "üêû", "name": "DEBUG", "no": 10}, "line": 106, "message": "task done", "module": "agent", "name": "epic_games.agent", "process": {"id": 3557, "name": "MainProcess"}, "thread": {"id": 140115150035840, "name": "MainThread"}, "time": {"repr": "2024-01-13 06:28:39.294764+08:00", "timestamp": 1705098519.294764}}}
{"text": "2024-01-13 06:29:11 | ERROR    | __main__:run:158 | An error has been caught in function 'run', process 'MainProcess' (3557), thread 'MainThread' (140115150035840): - {}\nTraceback (most recent call last):\n  File \"/home/runner/work/MyEpic/MyEpic/epic/src/claim.py\", line 151, in stash\n    await self.claim_epic_games(context)\n  File \"/home/runner/work/MyEpic/MyEpic/epic/src/claim.py\", line 122, in claim_epic_games\n    await epic.claim_weekly_games(page, single_promotions)\n  File \"/opt/hostedtoolcache/Python/3.10.13/x64/lib/python3.10/site-packages/tenacity/_asyncio.py\", line 88, in async_wrapped\n    return await fn(*args, **kwargs)\n  File \"/opt/hostedtoolcache/Python/3.10.13/x64/lib/python3.10/site-packages/tenacity/_asyncio.py\", line 47, in __call__\n    do = self.iter(retry_state=retry_state)\n  File \"/opt/hostedtoolcache/Python/3.10.13/x64/lib/python3.10/site-packages/tenacity/__init__.py\", line 325, in iter\n    raise retry_exc.reraise()\n  File \"/opt/hostedtoolcache/Python/3.10.13/x64/lib/python3.10/site-packages/tenacity/__init__.py\", line 158, in reraise\n    raise self.last_attempt.result()\n  File \"/opt/hostedtoolcache/Python/3.10.13/x64/lib/python3.10/concurrent/futures/_base.py\", line 451, in result\n    return self.__get_result()\n  File \"/opt/hostedtoolcache/Python/3.10.13/x64/lib/python3.10/concurrent/futures/_base.py\", line 403, in __get_result\n    raise self._exception\n  File \"/opt/hostedtoolcache/Python/3.10.13/x64/lib/python3.10/site-packages/tenacity/_asyncio.py\", line 50, in __call__\n    result = await fn(*args, **kwargs)\n  File \"/home/runner/work/MyEpic/MyEpic/epic/src/epic_games/agent.py\", line 338, in claim_weekly_games\n    await page.wait_for_url(recur_url)\n  File \"/opt/hostedtoolcache/Python/3.10.13/x64/lib/python3.10/site-packages/playwright/async_api/_generated.py\", line 9417, in wait_for_url\n    await self._impl_obj.wait_for_url(\n  File \"/opt/hostedtoolcache/Python/3.10.13/x64/lib/python3.10/site-packages/playwright/_impl/_page.py\", line 499, in wait_for_url\n    return await self._main_frame.wait_for_url(**locals_to_params(locals()))\n  File \"/opt/hostedtoolcache/Python/3.10.13/x64/lib/python3.10/site-packages/playwright/_impl/_frame.py\", line 227, in wait_for_url\n    async with self.expect_navigation(\n  File \"/opt/hostedtoolcache/Python/3.10.13/x64/lib/python3.10/site-packages/playwright/_impl/_event_context_manager.py\", line 33, in __aexit__\n    await self._future\n  File \"/opt/hostedtoolcache/Python/3.10.13/x64/lib/python3.10/site-packages/playwright/_impl/_frame.py\", line 202, in continuation\n    event = await waiter.result()\nplaywright._impl._errors.TimeoutError: Timeout 30000ms exceeded.\n=========================== logs ===========================\nwaiting for navigation to \"https://store.epicgames.com/en-US/cart/success\" until 'load'\n============================================================\n\nDuring handling of the above exception, another exception occurred:\n\nTraceback (most recent call last):\n  File \"/home/runner/work/MyEpic/MyEpic/epic/src/claim.py\", line 162, in <module>\n    asyncio.run(run())\n  File \"/opt/hostedtoolcache/Python/3.10.13/x64/lib/python3.10/asyncio/runners.py\", line 44, in run\n    return loop.run_until_complete(main)\n  File \"/opt/hostedtoolcache/Python/3.10.13/x64/lib/python3.10/asyncio/base_events.py\", line 636, in run_until_complete\n    self.run_forever()\n  File \"/opt/hostedtoolcache/Python/3.10.13/x64/lib/python3.10/asyncio/base_events.py\", line 603, in run_forever\n    self._run_once()\n  File \"/opt/hostedtoolcache/Python/3.10.13/x64/lib/python3.10/asyncio/base_events.py\", line 1909, in _run_once\n    handle._run()\n  File \"/opt/hostedtoolcache/Python/3.10.13/x64/lib/python3.10/asyncio/events.py\", line 80, in _run\n    self._context.run(self._callback, *self._args)\n> File \"/home/runner/work/MyEpic/MyEpic/epic/src/claim.py\", line 158, in run\n    await agent.stash()\n  File \"/home/runner/work/MyEpic/MyEpic/epic/src/claim.py\", line 139, in stash\n    async with async_playwright() as p:\n  File \"/opt/hostedtoolcache/Python/3.10.13/x64/lib/python3.10/site-packages/playwright/async_api/_context_manager.py\", line 58, in __aexit__\n    await self._connection.stop_async()\n  File \"/opt/hostedtoolcache/Python/3.10.13/x64/lib/python3.10/site-packages/playwright/_impl/_connection.py\", line 288, in stop_async\n    self.cleanup()\n  File \"/opt/hostedtoolcache/Python/3.10.13/x64/lib/python3.10/site-packages/playwright/_impl/_connection.py\", line 299, in cleanup\n    callback.future.set_exception(self._closed_error)\nasyncio.exceptions.InvalidStateError: invalid state\n", "record": {"elapsed": {"repr": "0:03:25.652495", "seconds": 205.652495}, "exception": {"type": "InvalidStateError", "value": "invalid state", "traceback": true}, "extra": {}, "file": {"name": "claim.py", "path": "/home/runner/work/MyEpic/MyEpic/epic/src/claim.py"}, "function": "run", "level": {"icon": "‚ùå", "name": "ERROR", "no": 40}, "line": 158, "message": "An error has been caught in function 'run', process 'MainProcess' (3557), thread 'MainThread' (140115150035840):", "module": "claim", "name": "__main__", "process": {"id": 3557, "name": "MainProcess"}, "thread": {"id": 140115150035840, "name": "MainThread"}, "time": {"repr": "2024-01-13 06:29:11.185803+08:00", "timestamp": 1705098551.185803}}}
