{"text": "2023-12-25 06:25:24 | INFO    | __main__:stash:131 | run - {'image': '20231121', 'version': '0.10.1.post2', 'role': 'EpicPlayer', 'headless': True}\n", "record": {"elapsed": {"repr": "0:00:01.160462", "seconds": 1.160462}, "exception": null, "extra": {"image": "20231121", "version": "0.10.1.post2", "role": "EpicPlayer", "headless": true}, "file": {"name": "claim.py", "path": "/home/runner/work/MyEpic/MyEpic/epic/src/claim.py"}, "function": "stash", "level": {"icon": "‚ÑπÔ∏è", "name": "INFO", "no": 20}, "line": 131, "message": "run", "module": "claim", "name": "__main__", "process": {"id": 3534, "name": "MainProcess"}, "thread": {"id": 139957983234944, "name": "MainThread"}, "time": {"repr": "2023-12-25 06:25:24.040163+08:00", "timestamp": 1703456724.040163}}}
{"text": "2023-12-25 06:25:31 | DEBUG    | __main__:create_tasks:66 | Put task - {'title': 'Ghostwire: Tokyo', 'url': 'https://store.epicgames.com/en-US/p/ghostwire-tokyo'}\n", "record": {"elapsed": {"repr": "0:00:08.411596", "seconds": 8.411596}, "exception": null, "extra": {"title": "Ghostwire: Tokyo", "url": "https://store.epicgames.com/en-US/p/ghostwire-tokyo"}, "file": {"name": "claim.py", "path": "/home/runner/work/MyEpic/MyEpic/epic/src/claim.py"}, "function": "create_tasks", "level": {"icon": "üêû", "name": "DEBUG", "no": 10}, "line": 66, "message": "Put task", "module": "claim", "name": "__main__", "process": {"id": 3534, "name": "MainProcess"}, "thread": {"id": 139957983234944, "name": "MainThread"}, "time": {"repr": "2023-12-25 06:25:31.291297+08:00", "timestamp": 1703456731.291297}}}
{"text": "2023-12-25 06:25:36 | INFO    | epic_games.agent:claim_weekly_games:294 | claim_weekly_games - {'action': 'go to store', 'url': 'https://store.epicgames.com/en-US/p/ghostwire-tokyo'}\n", "record": {"elapsed": {"repr": "0:00:13.529929", "seconds": 13.529929}, "exception": null, "extra": {"action": "go to store", "url": "https://store.epicgames.com/en-US/p/ghostwire-tokyo"}, "file": {"name": "agent.py", "path": "/home/runner/work/MyEpic/MyEpic/epic/src/epic_games/agent.py"}, "function": "claim_weekly_games", "level": {"icon": "‚ÑπÔ∏è", "name": "INFO", "no": 20}, "line": 294, "message": "claim_weekly_games", "module": "agent", "name": "epic_games.agent", "process": {"id": 3534, "name": "MainProcess"}, "thread": {"id": 139957983234944, "name": "MainThread"}, "time": {"repr": "2023-12-25 06:25:36.409630+08:00", "timestamp": 1703456736.40963}}}
{"text": "2023-12-25 06:25:45 | INFO    | epic_games.agent:claim_weekly_games:326 | claim_weekly_games - {'action': 'move to webPurchaseContainer iframe'}\n", "record": {"elapsed": {"repr": "0:00:22.493880", "seconds": 22.49388}, "exception": null, "extra": {"action": "move to webPurchaseContainer iframe"}, "file": {"name": "agent.py", "path": "/home/runner/work/MyEpic/MyEpic/epic/src/epic_games/agent.py"}, "function": "claim_weekly_games", "level": {"icon": "‚ÑπÔ∏è", "name": "INFO", "no": 20}, "line": 326, "message": "claim_weekly_games", "module": "agent", "name": "epic_games.agent", "process": {"id": 3534, "name": "MainProcess"}, "thread": {"id": 139957983234944, "name": "MainThread"}, "time": {"repr": "2023-12-25 06:25:45.373581+08:00", "timestamp": 1703456745.373581}}}
{"text": "2023-12-25 06:25:47 | INFO    | epic_games.agent:claim_weekly_games:328 | claim_weekly_games - {'action': 'click payment button'}\n", "record": {"elapsed": {"repr": "0:00:24.892845", "seconds": 24.892845}, "exception": null, "extra": {"action": "click payment button"}, "file": {"name": "agent.py", "path": "/home/runner/work/MyEpic/MyEpic/epic/src/epic_games/agent.py"}, "function": "claim_weekly_games", "level": {"icon": "‚ÑπÔ∏è", "name": "INFO", "no": 20}, "line": 328, "message": "claim_weekly_games", "module": "agent", "name": "epic_games.agent", "process": {"id": 3534, "name": "MainProcess"}, "thread": {"id": 139957983234944, "name": "MainThread"}, "time": {"repr": "2023-12-25 06:25:47.772546+08:00", "timestamp": 1703456747.772546}}}
{"text": "2023-12-25 06:25:52 | DEBUG    | hcaptcha_challenger.agents.playwright.control:_parse_label:241 | get task - {'prompt': 'Please click on all images of the heaviest animal species'}\n", "record": {"elapsed": {"repr": "0:00:29.898729", "seconds": 29.898729}, "exception": null, "extra": {"prompt": "Please click on all images of the heaviest animal species"}, "file": {"name": "control.py", "path": "/opt/hostedtoolcache/Python/3.10.13/x64/lib/python3.10/site-packages/hcaptcha_challenger/agents/playwright/control.py"}, "function": "_parse_label", "level": {"icon": "üêû", "name": "DEBUG", "no": 10}, "line": 241, "message": "get task", "module": "control", "name": "hcaptcha_challenger.agents.playwright.control", "process": {"id": 3534, "name": "MainProcess"}, "thread": {"id": 139957983234944, "name": "MainThread"}, "time": {"repr": "2023-12-25 06:25:52.778430+08:00", "timestamp": 1703456752.77843}}}
{"text": "2023-12-25 06:25:53 | DEBUG    | hcaptcha_challenger.agents.playwright.control:_catch_all_binary_challenge:474 | handle task - {'unsupervised': 'binary', 'candidate_labels': ['This is a picture that looks like please click on all images of the heaviest animal species.', \"This is a picture that don't look like please click on all images of the heaviest animal species.\"], 'prompt': 'Please click on all images of the heaviest animal species', 'timit': '0.936s'}\n", "record": {"elapsed": {"repr": "0:00:31.059394", "seconds": 31.059394}, "exception": null, "extra": {"unsupervised": "binary", "candidate_labels": ["This is a picture that looks like please click on all images of the heaviest animal species.", "This is a picture that don't look like please click on all images of the heaviest animal species."], "prompt": "Please click on all images of the heaviest animal species", "timit": "0.936s"}, "file": {"name": "control.py", "path": "/opt/hostedtoolcache/Python/3.10.13/x64/lib/python3.10/site-packages/hcaptcha_challenger/agents/playwright/control.py"}, "function": "_catch_all_binary_challenge", "level": {"icon": "üêû", "name": "DEBUG", "no": 10}, "line": 474, "message": "handle task", "module": "control", "name": "hcaptcha_challenger.agents.playwright.control", "process": {"id": 3534, "name": "MainProcess"}, "thread": {"id": 139957983234944, "name": "MainThread"}, "time": {"repr": "2023-12-25 06:25:53.939095+08:00", "timestamp": 1703456753.939095}}}
{"text": "2023-12-25 06:26:05 | DEBUG    | epic_games.agent:insert_challenge:106 | task done - {'sattus': 'success'}\n", "record": {"elapsed": {"repr": "0:00:42.838831", "seconds": 42.838831}, "exception": null, "extra": {"sattus": "success"}, "file": {"name": "agent.py", "path": "/home/runner/work/MyEpic/MyEpic/epic/src/epic_games/agent.py"}, "function": "insert_challenge", "level": {"icon": "üêû", "name": "DEBUG", "no": 10}, "line": 106, "message": "task done", "module": "agent", "name": "epic_games.agent", "process": {"id": 3534, "name": "MainProcess"}, "thread": {"id": 139957983234944, "name": "MainThread"}, "time": {"repr": "2023-12-25 06:26:05.718532+08:00", "timestamp": 1703456765.718532}}}
{"text": "2023-12-25 06:26:37 | INFO    | epic_games.agent:claim_weekly_games:294 | claim_weekly_games - {'action': 'go to store', 'url': 'https://store.epicgames.com/en-US/p/ghostwire-tokyo'}\n", "record": {"elapsed": {"repr": "0:01:15.005655", "seconds": 75.005655}, "exception": null, "extra": {"action": "go to store", "url": "https://store.epicgames.com/en-US/p/ghostwire-tokyo"}, "file": {"name": "agent.py", "path": "/home/runner/work/MyEpic/MyEpic/epic/src/epic_games/agent.py"}, "function": "claim_weekly_games", "level": {"icon": "‚ÑπÔ∏è", "name": "INFO", "no": 20}, "line": 294, "message": "claim_weekly_games", "module": "agent", "name": "epic_games.agent", "process": {"id": 3534, "name": "MainProcess"}, "thread": {"id": 139957983234944, "name": "MainThread"}, "time": {"repr": "2023-12-25 06:26:37.885356+08:00", "timestamp": 1703456797.885356}}}
{"text": "2023-12-25 06:26:47 | INFO    | epic_games.agent:claim_weekly_games:326 | claim_weekly_games - {'action': 'move to webPurchaseContainer iframe'}\n", "record": {"elapsed": {"repr": "0:01:24.140396", "seconds": 84.140396}, "exception": null, "extra": {"action": "move to webPurchaseContainer iframe"}, "file": {"name": "agent.py", "path": "/home/runner/work/MyEpic/MyEpic/epic/src/epic_games/agent.py"}, "function": "claim_weekly_games", "level": {"icon": "‚ÑπÔ∏è", "name": "INFO", "no": 20}, "line": 326, "message": "claim_weekly_games", "module": "agent", "name": "epic_games.agent", "process": {"id": 3534, "name": "MainProcess"}, "thread": {"id": 139957983234944, "name": "MainThread"}, "time": {"repr": "2023-12-25 06:26:47.020097+08:00", "timestamp": 1703456807.020097}}}
{"text": "2023-12-25 06:26:49 | INFO    | epic_games.agent:claim_weekly_games:328 | claim_weekly_games - {'action': 'click payment button'}\n", "record": {"elapsed": {"repr": "0:01:26.579630", "seconds": 86.57963}, "exception": null, "extra": {"action": "click payment button"}, "file": {"name": "agent.py", "path": "/home/runner/work/MyEpic/MyEpic/epic/src/epic_games/agent.py"}, "function": "claim_weekly_games", "level": {"icon": "‚ÑπÔ∏è", "name": "INFO", "no": 20}, "line": 328, "message": "claim_weekly_games", "module": "agent", "name": "epic_games.agent", "process": {"id": 3534, "name": "MainProcess"}, "thread": {"id": 139957983234944, "name": "MainThread"}, "time": {"repr": "2023-12-25 06:26:49.459331+08:00", "timestamp": 1703456809.459331}}}
{"text": "2023-12-25 06:26:54 | DEBUG    | hcaptcha_challenger.agents.playwright.control:_parse_label:241 | get task - {'prompt': 'Please cl—ñck on all imag–µs of t“ªe heaviest animal spec—ñ–µs'}\n", "record": {"elapsed": {"repr": "0:01:31.582960", "seconds": 91.58296}, "exception": null, "extra": {"prompt": "Please cl—ñck on all imag–µs of t“ªe heaviest animal spec—ñ–µs"}, "file": {"name": "control.py", "path": "/opt/hostedtoolcache/Python/3.10.13/x64/lib/python3.10/site-packages/hcaptcha_challenger/agents/playwright/control.py"}, "function": "_parse_label", "level": {"icon": "üêû", "name": "DEBUG", "no": 10}, "line": 241, "message": "get task", "module": "control", "name": "hcaptcha_challenger.agents.playwright.control", "process": {"id": 3534, "name": "MainProcess"}, "thread": {"id": 139957983234944, "name": "MainThread"}, "time": {"repr": "2023-12-25 06:26:54.462661+08:00", "timestamp": 1703456814.462661}}}
{"text": "2023-12-25 06:26:55 | DEBUG    | hcaptcha_challenger.agents.playwright.control:_catch_all_binary_challenge:474 | handle task - {'unsupervised': 'binary', 'candidate_labels': ['This is a picture that looks like please click on all images of the heaviest animal species.', \"This is a picture that don't look like please click on all images of the heaviest animal species.\"], 'prompt': 'Please cl—ñck on all imag–µs of t“ªe heaviest animal spec—ñ–µs', 'timit': '0.708s'}\n", "record": {"elapsed": {"repr": "0:01:32.476070", "seconds": 92.47607}, "exception": null, "extra": {"unsupervised": "binary", "candidate_labels": ["This is a picture that looks like please click on all images of the heaviest animal species.", "This is a picture that don't look like please click on all images of the heaviest animal species."], "prompt": "Please cl—ñck on all imag–µs of t“ªe heaviest animal spec—ñ–µs", "timit": "0.708s"}, "file": {"name": "control.py", "path": "/opt/hostedtoolcache/Python/3.10.13/x64/lib/python3.10/site-packages/hcaptcha_challenger/agents/playwright/control.py"}, "function": "_catch_all_binary_challenge", "level": {"icon": "üêû", "name": "DEBUG", "no": 10}, "line": 474, "message": "handle task", "module": "control", "name": "hcaptcha_challenger.agents.playwright.control", "process": {"id": 3534, "name": "MainProcess"}, "thread": {"id": 139957983234944, "name": "MainThread"}, "time": {"repr": "2023-12-25 06:26:55.355771+08:00", "timestamp": 1703456815.355771}}}
{"text": "2023-12-25 06:27:09 | DEBUG    | epic_games.agent:insert_challenge:106 | task done - {'sattus': 'success'}\n", "record": {"elapsed": {"repr": "0:01:46.575621", "seconds": 106.575621}, "exception": null, "extra": {"sattus": "success"}, "file": {"name": "agent.py", "path": "/home/runner/work/MyEpic/MyEpic/epic/src/epic_games/agent.py"}, "function": "insert_challenge", "level": {"icon": "üêû", "name": "DEBUG", "no": 10}, "line": 106, "message": "task done", "module": "agent", "name": "epic_games.agent", "process": {"id": 3534, "name": "MainProcess"}, "thread": {"id": 139957983234944, "name": "MainThread"}, "time": {"repr": "2023-12-25 06:27:09.455322+08:00", "timestamp": 1703456829.455322}}}
{"text": "2023-12-25 06:27:41 | INFO    | epic_games.agent:claim_weekly_games:294 | claim_weekly_games - {'action': 'go to store', 'url': 'https://store.epicgames.com/en-US/p/ghostwire-tokyo'}\n", "record": {"elapsed": {"repr": "0:02:18.756491", "seconds": 138.756491}, "exception": null, "extra": {"action": "go to store", "url": "https://store.epicgames.com/en-US/p/ghostwire-tokyo"}, "file": {"name": "agent.py", "path": "/home/runner/work/MyEpic/MyEpic/epic/src/epic_games/agent.py"}, "function": "claim_weekly_games", "level": {"icon": "‚ÑπÔ∏è", "name": "INFO", "no": 20}, "line": 294, "message": "claim_weekly_games", "module": "agent", "name": "epic_games.agent", "process": {"id": 3534, "name": "MainProcess"}, "thread": {"id": 139957983234944, "name": "MainThread"}, "time": {"repr": "2023-12-25 06:27:41.636192+08:00", "timestamp": 1703456861.636192}}}
{"text": "2023-12-25 06:27:50 | INFO    | epic_games.agent:claim_weekly_games:326 | claim_weekly_games - {'action': 'move to webPurchaseContainer iframe'}\n", "record": {"elapsed": {"repr": "0:02:27.778713", "seconds": 147.778713}, "exception": null, "extra": {"action": "move to webPurchaseContainer iframe"}, "file": {"name": "agent.py", "path": "/home/runner/work/MyEpic/MyEpic/epic/src/epic_games/agent.py"}, "function": "claim_weekly_games", "level": {"icon": "‚ÑπÔ∏è", "name": "INFO", "no": 20}, "line": 326, "message": "claim_weekly_games", "module": "agent", "name": "epic_games.agent", "process": {"id": 3534, "name": "MainProcess"}, "thread": {"id": 139957983234944, "name": "MainThread"}, "time": {"repr": "2023-12-25 06:27:50.658414+08:00", "timestamp": 1703456870.658414}}}
{"text": "2023-12-25 06:27:53 | INFO    | epic_games.agent:claim_weekly_games:328 | claim_weekly_games - {'action': 'click payment button'}\n", "record": {"elapsed": {"repr": "0:02:30.174350", "seconds": 150.17435}, "exception": null, "extra": {"action": "click payment button"}, "file": {"name": "agent.py", "path": "/home/runner/work/MyEpic/MyEpic/epic/src/epic_games/agent.py"}, "function": "claim_weekly_games", "level": {"icon": "‚ÑπÔ∏è", "name": "INFO", "no": 20}, "line": 328, "message": "claim_weekly_games", "module": "agent", "name": "epic_games.agent", "process": {"id": 3534, "name": "MainProcess"}, "thread": {"id": 139957983234944, "name": "MainThread"}, "time": {"repr": "2023-12-25 06:27:53.054051+08:00", "timestamp": 1703456873.054051}}}
{"text": "2023-12-25 06:27:58 | DEBUG    | hcaptcha_challenger.agents.playwright.control:_parse_label:241 | get task - {'prompt': 'Please cli—Åk on all images of t“ªe heavie—ït animal —ïpecies'}\n", "record": {"elapsed": {"repr": "0:02:35.176808", "seconds": 155.176808}, "exception": null, "extra": {"prompt": "Please cli—Åk on all images of t“ªe heavie—ït animal —ïpecies"}, "file": {"name": "control.py", "path": "/opt/hostedtoolcache/Python/3.10.13/x64/lib/python3.10/site-packages/hcaptcha_challenger/agents/playwright/control.py"}, "function": "_parse_label", "level": {"icon": "üêû", "name": "DEBUG", "no": 10}, "line": 241, "message": "get task", "module": "control", "name": "hcaptcha_challenger.agents.playwright.control", "process": {"id": 3534, "name": "MainProcess"}, "thread": {"id": 139957983234944, "name": "MainThread"}, "time": {"repr": "2023-12-25 06:27:58.056509+08:00", "timestamp": 1703456878.056509}}}
{"text": "2023-12-25 06:27:58 | DEBUG    | hcaptcha_challenger.agents.playwright.control:_catch_all_binary_challenge:474 | handle task - {'unsupervised': 'binary', 'candidate_labels': ['This is a picture that looks like please click on all images of the heaviest animal species.', \"This is a picture that don't look like please click on all images of the heaviest animal species.\"], 'prompt': 'Please cli—Åk on all images of t“ªe heavie—ït animal —ïpecies', 'timit': '0.702s'}\n", "record": {"elapsed": {"repr": "0:02:36.055693", "seconds": 156.055693}, "exception": null, "extra": {"unsupervised": "binary", "candidate_labels": ["This is a picture that looks like please click on all images of the heaviest animal species.", "This is a picture that don't look like please click on all images of the heaviest animal species."], "prompt": "Please cli—Åk on all images of t“ªe heavie—ït animal —ïpecies", "timit": "0.702s"}, "file": {"name": "control.py", "path": "/opt/hostedtoolcache/Python/3.10.13/x64/lib/python3.10/site-packages/hcaptcha_challenger/agents/playwright/control.py"}, "function": "_catch_all_binary_challenge", "level": {"icon": "üêû", "name": "DEBUG", "no": 10}, "line": 474, "message": "handle task", "module": "control", "name": "hcaptcha_challenger.agents.playwright.control", "process": {"id": 3534, "name": "MainProcess"}, "thread": {"id": 139957983234944, "name": "MainThread"}, "time": {"repr": "2023-12-25 06:27:58.935394+08:00", "timestamp": 1703456878.935394}}}
{"text": "2023-12-25 06:28:11 | DEBUG    | epic_games.agent:insert_challenge:106 | task done - {'sattus': 'success'}\n", "record": {"elapsed": {"repr": "0:02:48.602907", "seconds": 168.602907}, "exception": null, "extra": {"sattus": "success"}, "file": {"name": "agent.py", "path": "/home/runner/work/MyEpic/MyEpic/epic/src/epic_games/agent.py"}, "function": "insert_challenge", "level": {"icon": "üêû", "name": "DEBUG", "no": 10}, "line": 106, "message": "task done", "module": "agent", "name": "epic_games.agent", "process": {"id": 3534, "name": "MainProcess"}, "thread": {"id": 139957983234944, "name": "MainThread"}, "time": {"repr": "2023-12-25 06:28:11.482608+08:00", "timestamp": 1703456891.482608}}}
{"text": "2023-12-25 06:28:43 | ERROR    | __main__:run:158 | An error has been caught in function 'run', process 'MainProcess' (3534), thread 'MainThread' (139957983234944): - {}\nTraceback (most recent call last):\n  File \"/home/runner/work/MyEpic/MyEpic/epic/src/claim.py\", line 151, in stash\n    await self.claim_epic_games(context)\n  File \"/home/runner/work/MyEpic/MyEpic/epic/src/claim.py\", line 122, in claim_epic_games\n    await epic.claim_weekly_games(page, single_promotions)\n  File \"/opt/hostedtoolcache/Python/3.10.13/x64/lib/python3.10/site-packages/tenacity/_asyncio.py\", line 88, in async_wrapped\n    return await fn(*args, **kwargs)\n  File \"/opt/hostedtoolcache/Python/3.10.13/x64/lib/python3.10/site-packages/tenacity/_asyncio.py\", line 47, in __call__\n    do = self.iter(retry_state=retry_state)\n  File \"/opt/hostedtoolcache/Python/3.10.13/x64/lib/python3.10/site-packages/tenacity/__init__.py\", line 325, in iter\n    raise retry_exc.reraise()\n  File \"/opt/hostedtoolcache/Python/3.10.13/x64/lib/python3.10/site-packages/tenacity/__init__.py\", line 158, in reraise\n    raise self.last_attempt.result()\n  File \"/opt/hostedtoolcache/Python/3.10.13/x64/lib/python3.10/concurrent/futures/_base.py\", line 451, in result\n    return self.__get_result()\n  File \"/opt/hostedtoolcache/Python/3.10.13/x64/lib/python3.10/concurrent/futures/_base.py\", line 403, in __get_result\n    raise self._exception\n  File \"/opt/hostedtoolcache/Python/3.10.13/x64/lib/python3.10/site-packages/tenacity/_asyncio.py\", line 50, in __call__\n    result = await fn(*args, **kwargs)\n  File \"/home/runner/work/MyEpic/MyEpic/epic/src/epic_games/agent.py\", line 338, in claim_weekly_games\n    await page.wait_for_url(recur_url)\n  File \"/opt/hostedtoolcache/Python/3.10.13/x64/lib/python3.10/site-packages/playwright/async_api/_generated.py\", line 9417, in wait_for_url\n    await self._impl_obj.wait_for_url(\n  File \"/opt/hostedtoolcache/Python/3.10.13/x64/lib/python3.10/site-packages/playwright/_impl/_page.py\", line 499, in wait_for_url\n    return await self._main_frame.wait_for_url(**locals_to_params(locals()))\n  File \"/opt/hostedtoolcache/Python/3.10.13/x64/lib/python3.10/site-packages/playwright/_impl/_frame.py\", line 227, in wait_for_url\n    async with self.expect_navigation(\n  File \"/opt/hostedtoolcache/Python/3.10.13/x64/lib/python3.10/site-packages/playwright/_impl/_event_context_manager.py\", line 33, in __aexit__\n    await self._future\n  File \"/opt/hostedtoolcache/Python/3.10.13/x64/lib/python3.10/site-packages/playwright/_impl/_frame.py\", line 202, in continuation\n    event = await waiter.result()\nplaywright._impl._errors.TimeoutError: Timeout 30000ms exceeded.\n=========================== logs ===========================\nwaiting for navigation to \"https://store.epicgames.com/en-US/cart/success\" until 'load'\n============================================================\n\nDuring handling of the above exception, another exception occurred:\n\nTraceback (most recent call last):\n  File \"/home/runner/work/MyEpic/MyEpic/epic/src/claim.py\", line 162, in <module>\n    asyncio.run(run())\n  File \"/opt/hostedtoolcache/Python/3.10.13/x64/lib/python3.10/asyncio/runners.py\", line 44, in run\n    return loop.run_until_complete(main)\n  File \"/opt/hostedtoolcache/Python/3.10.13/x64/lib/python3.10/asyncio/base_events.py\", line 636, in run_until_complete\n    self.run_forever()\n  File \"/opt/hostedtoolcache/Python/3.10.13/x64/lib/python3.10/asyncio/base_events.py\", line 603, in run_forever\n    self._run_once()\n  File \"/opt/hostedtoolcache/Python/3.10.13/x64/lib/python3.10/asyncio/base_events.py\", line 1909, in _run_once\n    handle._run()\n  File \"/opt/hostedtoolcache/Python/3.10.13/x64/lib/python3.10/asyncio/events.py\", line 80, in _run\n    self._context.run(self._callback, *self._args)\n> File \"/home/runner/work/MyEpic/MyEpic/epic/src/claim.py\", line 158, in run\n    await agent.stash()\n  File \"/home/runner/work/MyEpic/MyEpic/epic/src/claim.py\", line 139, in stash\n    async with async_playwright() as p:\n  File \"/opt/hostedtoolcache/Python/3.10.13/x64/lib/python3.10/site-packages/playwright/async_api/_context_manager.py\", line 58, in __aexit__\n    await self._connection.stop_async()\n  File \"/opt/hostedtoolcache/Python/3.10.13/x64/lib/python3.10/site-packages/playwright/_impl/_connection.py\", line 288, in stop_async\n    self.cleanup()\n  File \"/opt/hostedtoolcache/Python/3.10.13/x64/lib/python3.10/site-packages/playwright/_impl/_connection.py\", line 299, in cleanup\n    callback.future.set_exception(self._closed_error)\nasyncio.exceptions.InvalidStateError: invalid state\n", "record": {"elapsed": {"repr": "0:03:20.478004", "seconds": 200.478004}, "exception": {"type": "InvalidStateError", "value": "invalid state", "traceback": true}, "extra": {}, "file": {"name": "claim.py", "path": "/home/runner/work/MyEpic/MyEpic/epic/src/claim.py"}, "function": "run", "level": {"icon": "‚ùå", "name": "ERROR", "no": 40}, "line": 158, "message": "An error has been caught in function 'run', process 'MainProcess' (3534), thread 'MainThread' (139957983234944):", "module": "claim", "name": "__main__", "process": {"id": 3534, "name": "MainProcess"}, "thread": {"id": 139957983234944, "name": "MainThread"}, "time": {"repr": "2023-12-25 06:28:43.357705+08:00", "timestamp": 1703456923.357705}}}
